2018-11-23 15:08:09 - Pcap is listening...
2018-11-23 15:08:20 - Pcap stop listening
2018-11-23 15:08:20 - path:F:\IdeaWorkspace\CICFLOWMETER\data\daily\2018-11-23_Flow.csv
2018-11-23 15:22:21 - Pcap is listening...
2018-11-23 15:22:59 - Pcap stop listening
2018-11-23 15:22:59 - path:F:\IdeaWorkspace\CICFLOWMETER\data\daily\2018-11-23_Flow.csv
2018-11-23 15:26:09 - Pcap is listening...
2018-11-23 15:26:28 - Pcap is listening...
2020-11-09 11:23:19 - Please select pcap!
2020-11-09 11:24:08 - You select: D:\data\wireshark\1.pcap
2020-11-09 11:24:08 - Out folder: D:\data\wireshark\
2020-11-09 11:24:08 - CICFlowMeter received 1 pcap file
2020-11-09 11:29:50 - You select: D:\data\wireshark\1.pcap
2020-11-09 11:29:50 - Out folder: D:\data\wireshark\
2020-11-09 11:29:50 - CICFlowMeter received 1 pcap file
2020-11-09 11:39:22 - You select: D:\data\wireshark\1.pcap
2020-11-09 11:39:22 - Out folder: D:\data\wireshark\
2020-11-09 11:39:22 - CICFlowMeter received 1 pcap file
2020-11-09 13:53:35 - You select: D:\data\wireshark\1.pcap
2020-11-09 13:53:35 - Out folder: D:\data\wireshark\
2020-11-09 13:53:36 - CICFlowMeter received 1 pcap file
2020-11-09 13:54:42 - You select: D:\data\wireshark\1.pcap
2020-11-09 13:54:42 - Out folder: D:\data\wireshark\
2020-11-09 13:54:43 - CICFlowMeter received 1 pcap file
2020-11-09 14:05:12 - You select: D:\data\wireshark\1.pcap
2020-11-09 14:05:12 - Out folder: D:\data\wireshark\
2020-11-09 14:05:12 - CICFlowMeter received 1 pcap file
2020-11-09 14:10:27 - You select: D:\data\wireshark\1.pcap
2020-11-09 14:10:27 - Out folder: D:\data\wireshark\
2020-11-09 14:10:28 - CICFlowMeter received 1 pcap file
2020-11-09 14:10:29 - You select: D:\data\wireshark\1.pcap
2020-11-09 14:10:29 - Out folder: D:\data\wireshark\
2020-11-09 14:10:29 - CICFlowMeter received 1 pcap file
2020-11-09 14:13:10 - You select: D:\data\wireshark\1.pcap
2020-11-09 14:13:10 - Out folder: D:\data\wireshark\
2020-11-09 14:13:11 - CICFlowMeter received 1 pcap file
2020-11-09 15:29:01 - You select: D:\data\wireshark\1.pcap
2020-11-09 15:29:01 - Out folder: D:\data\wireshark\
2020-11-09 15:29:01 - CICFlowMeter received 1 pcap file
2020-11-09 15:30:35 - You select: D:\data\wireshark\1.pcap
2020-11-09 15:30:35 - Out folder: D:\data\wireshark\
2020-11-09 15:30:35 - CICFlowMeter received 1 pcap file
2020-11-09 16:34:31 - You select: D:\data\wireshark\small.pcap
2020-11-09 16:34:31 - Out folder: D:\data\wireshark\
2020-11-09 16:34:31 - CICFlowMeter received 1 pcap file
2020-11-09 16:35:39 - You select: D:\data\wireshark\small.pcap
2020-11-09 16:35:39 - Out folder: D:\data\wireshark\
2020-11-09 16:35:40 - CICFlowMeter received 1 pcap file
2020-11-09 17:10:48 - You select: D:\data\wireshark\1.pcap
2020-11-09 17:10:48 - Out folder: D:\data\test\
2020-11-09 17:10:48 - CICFlowMeter received 1 pcap file
2020-11-09 17:12:54 - You select: D:\data\wireshark\1.pcap
2020-11-09 17:12:54 - Out folder: D:\data\test\
2020-11-09 17:12:55 - CICFlowMeter received 1 pcap file
2020-11-09 17:14:11 - You select: D:\data\wireshark\1.pcap
2020-11-09 17:14:11 - Out folder: D:\data\test\
2020-11-09 17:14:11 - CICFlowMeter received 1 pcap file
2020-11-09 17:15:19 - You select: D:\data\wireshark\small.pcap
2020-11-09 17:15:19 - Out folder: D:\data\test\
2020-11-09 17:15:20 - CICFlowMeter received 1 pcap file
2020-11-09 19:59:13 - You select: D:\data\wireshark\small.pcap
2020-11-09 19:59:13 - Out folder: D:\data\test\
2020-11-09 19:59:14 - CICFlowMeter received 1 pcap file
2020-11-09 19:59:24 - You select: D:\data\wireshark\1.pcap
2020-11-09 19:59:24 - Out folder: D:\data\test\
2020-11-09 19:59:24 - CICFlowMeter received 1 pcap file
2020-11-09 20:24:06 - You select: D:\data\wireshark\1.pcap
2020-11-09 20:24:06 - Out folder: D:\data\test\
2020-11-09 20:24:06 - CICFlowMeter received 1 pcap file
2020-11-10 11:18:37 - You select: D:\data\node2\node2\out\1.pcap
2020-11-10 11:18:37 - Out folder: D:\data\node2\node2\newoutput
2020-11-10 11:18:37 - CICFlowMeter received 1 pcap file
2020-11-10 11:19:16 - You select: D:\data\node2\node2\out\out1.pcap
2020-11-10 11:19:16 - Out folder: D:\data\node2\node2\newoutput
2020-11-10 11:19:17 - CICFlowMeter received 1 pcap file
2020-11-10 11:19:28 - You select: D:\data\node2\node2\in\in1.pcap
2020-11-10 11:19:28 - Out folder: D:\data\node2\node2\newoutput
2020-11-10 11:19:28 - CICFlowMeter received 1 pcap file
2020-11-10 11:20:33 - You select: D:\data\node2\node2\in\in1.pcap
2020-11-10 11:20:33 - Out folder: D:\data\node2\node2\newoutput
2020-11-10 11:20:33 - CICFlowMeter received 1 pcap file
2020-11-10 11:20:53 - You select: D:\data\node2\node2\out\out1.pcap
2020-11-10 11:20:53 - Out folder: D:\data\node2\node2\newoutput
2020-11-10 11:20:53 - CICFlowMeter received 1 pcap file
2020-11-10 11:33:17 - You select: D:\data\node2\node2\in\12.pcap
2020-11-10 11:33:17 - Out folder: D:\data\node2\node2\newoutput
2020-11-10 11:33:17 - CICFlowMeter received 1 pcap file
2020-11-10 11:33:35 - You select: D:\data\node2\node2\out\12.pcap
2020-11-10 11:33:35 - Out folder: D:\data\node2\node2\newoutput
2020-11-10 11:33:35 - CICFlowMeter received 1 pcap file
2020-11-10 11:34:09 - You select: D:\data\node2\node2\in\12.pcap
2020-11-10 11:34:09 - Out folder: D:\data\node2\node2\newoutput
2020-11-10 11:34:09 - CICFlowMeter received 1 pcap file
2020-11-10 11:34:37 - You select: D:\data\node2\node2\in\12.pcap
2020-11-10 11:34:37 - Out folder: D:\data\node2\node2\newoutput\in
2020-11-10 11:34:37 - CICFlowMeter received 1 pcap file
2020-11-10 11:34:55 - You select: D:\data\node2\node2\out\12.pcap
2020-11-10 11:34:55 - Out folder: D:\data\node2\node2\newoutput\out
2020-11-10 11:34:55 - CICFlowMeter received 1 pcap file
2020-11-10 15:09:34 - You select: D:\data\node2\node2\out\12.pcap
2020-11-10 15:09:34 - Out folder: D:\data\node2\node2\newoutput\out
2020-11-10 15:09:34 - CICFlowMeter received 1 pcap file
2020-11-10 15:18:59 - You select: D:\data\node2\node2\out\12.pcap
2020-11-10 15:18:59 - Out folder: D:\data\node2\node2\newoutput\out
2020-11-10 15:18:59 - CICFlowMeter received 1 pcap file
2020-11-10 15:19:20 - The pcap file or folder does not exist! -> D:\data\node2\node2\out\in.pcap
2020-11-10 15:19:55 - You select: D:\data\node2\node2\in\12.pcap
2020-11-10 15:19:55 - Out folder: D:\data\node2\node2\newoutput\in
2020-11-10 15:19:55 - CICFlowMeter received 1 pcap file
2020-11-10 15:22:19 - You select: D:\data\node2\node2\in\12.pcap
2020-11-10 15:22:19 - Out folder: D:\data\node2\node2\newoutput\in
2020-11-10 15:22:19 - CICFlowMeter received 1 pcap file
2020-11-10 15:22:56 - You select: D:\data\node2\node2\out\12.pcap
2020-11-10 15:22:56 - Out folder: D:\data\node2\node2\newoutput\out
2020-11-10 15:22:56 - CICFlowMeter received 1 pcap file
2020-11-10 15:38:07 - You select: D:\data\node2\node2\out\12.pcap
2020-11-10 15:38:07 - Out folder: D:\data\node2\node2\newoutput\out
2020-11-10 15:38:07 - CICFlowMeter received 1 pcap file
2020-11-10 15:44:18 - You select: D:\data\node2\node2\out\12.pcap
2020-11-10 15:44:18 - Out folder: D:\data\node2\node2\newoutput\out
2020-11-10 15:44:19 - CICFlowMeter received 1 pcap file
2020-11-10 15:44:54 - You select: D:\data\node2\node2\out\12.pcap
2020-11-10 15:44:54 - Out folder: D:\data\node2\node2\newoutput\out
2020-11-10 15:44:54 - CICFlowMeter received 1 pcap file
2020-11-10 15:46:46 - You select: D:\data\node2\node2\out\12.pcap
2020-11-10 15:46:46 - Out folder: D:\data\node2\node2\newoutput\out
2020-11-10 15:46:46 - CICFlowMeter received 1 pcap file
2020-11-10 16:41:44 - You select: D:\data\node2\node2\out\12.pcap
2020-11-10 16:41:44 - Out folder: D:\data\node2\node2\newoutput\out
2020-11-10 16:41:45 - CICFlowMeter received 1 pcap file
2020-11-10 16:58:32 - You select: D:\data\node2\node2\out\12.pcap
2020-11-10 16:58:32 - Out folder: D:\data\node2\node2\newoutput\out
2020-11-10 16:58:32 - CICFlowMeter received 1 pcap file
2020-11-10 16:58:46 - You select: D:\data\node2\node2\out\a.pcap
2020-11-10 16:58:46 - Out folder: D:\data\node2\node2\newoutput\out
2020-11-10 16:58:47 - CICFlowMeter received 1 pcap file
2020-11-10 16:59:11 - You select: D:\data\node2\node2\out\b.pcap
2020-11-10 16:59:11 - Out folder: D:\data\node2\node2\newoutput\out
2020-11-10 16:59:11 - CICFlowMeter received 1 pcap file
2020-11-10 17:07:13 - You select: D:\data\node2\node2\out\b.pcap
2020-11-10 17:07:13 - Out folder: D:\data\node2\node2\newoutput\out
2020-11-10 17:07:13 - CICFlowMeter received 1 pcap file
2020-11-10 17:08:36 - You select: D:\data\node2\node2\out\b.pcap
2020-11-10 17:08:36 - Out folder: D:\data\node2\node2\newoutput\out
2020-11-10 17:08:37 - CICFlowMeter received 1 pcap file
2020-11-10 17:09:12 - You select: D:\data\node2\node2\out\b.pcap
2020-11-10 17:09:12 - Out folder: D:\data\node2\node2\newoutput\out
2020-11-10 17:09:13 - CICFlowMeter received 1 pcap file
2020-11-10 17:10:06 - You select: D:\data\node2\node2\out\b.pcap
2020-11-10 17:10:06 - Out folder: D:\data\node2\node2\newoutput\out
2020-11-10 17:10:06 - CICFlowMeter received 1 pcap file
2020-11-10 17:10:14 - You select: D:\data\node2\node2\out\b.pcap
2020-11-10 17:10:14 - Out folder: D:\data\node2\node2\newoutput\out
2020-11-10 17:10:14 - CICFlowMeter received 1 pcap file
2020-11-10 17:13:32 - You select: D:\data\node2\node2\out\b.pcap
2020-11-10 17:13:32 - Out folder: D:\data\node2\node2\newoutput\out
2020-11-10 17:13:33 - CICFlowMeter received 1 pcap file
2020-11-10 17:13:40 - You select: D:\data\node2\node2\out\b.pcap
2020-11-10 17:13:40 - Out folder: D:\data\node2\node2\newoutput\out
2020-11-10 17:13:40 - CICFlowMeter received 1 pcap file
2020-11-10 17:14:28 - You select: D:\data\node2\node2\out\12.pcap
2020-11-10 17:14:28 - Out folder: D:\data\node2\node2\newoutput\out
2020-11-10 17:14:28 - CICFlowMeter received 1 pcap file
2020-11-10 18:15:02 - You select: D:\data\node2\node2\out\b.pcap
2020-11-10 18:15:02 - Out folder: D:\data\node2\node2\newoutput\out
2020-11-10 18:15:02 - CICFlowMeter received 1 pcap file
2020-11-10 18:18:49 - You select: D:\data\node2\node2\out\b.pcap
2020-11-10 18:18:49 - Out folder: D:\data\node2\node2\newoutput\out
2020-11-10 18:18:50 - CICFlowMeter received 1 pcap file
2020-11-10 18:19:09 - You select: D:\data\node2\node2\out\b.pcap
2020-11-10 18:19:09 - Out folder: D:\data\node2\node2\newoutput\out
2020-11-10 18:19:09 - CICFlowMeter received 1 pcap file
2020-11-10 18:21:43 - You select: D:\data\node2\node2\out\b.pcap
2020-11-10 18:21:43 - Out folder: D:\data\node2\node2\newoutput\out
2020-11-10 18:21:43 - CICFlowMeter received 1 pcap file
2020-11-10 18:22:13 - You select: D:\data\node2\node2\out\b.pcap
2020-11-10 18:22:13 - Out folder: D:\data\node2\node2\newoutput\out
2020-11-10 18:22:13 - CICFlowMeter received 1 pcap file
2020-11-10 18:22:48 - You select: D:\data\node2\node2\out\12.pcap
2020-11-10 18:22:48 - Out folder: D:\data\node2\node2\newoutput\out
2020-11-10 18:22:48 - CICFlowMeter received 1 pcap file
2020-11-10 19:15:32 - You select: D:\data\node2\node2\out\12.pcap
2020-11-10 19:15:32 - Out folder: D:\data\node2\node2\newoutput\out
2020-11-10 19:15:32 - CICFlowMeter received 1 pcap file
2020-11-11 08:26:58 - You select: D:\data\node2\node2\out\12.pcap
2020-11-11 08:26:58 - Out folder: D:\data\node2\node2\newoutput\out
2020-11-11 08:26:58 - CICFlowMeter received 1 pcap file
2020-11-11 08:32:52 - You select: D:\data\wireshark\small.pcap
2020-11-11 08:32:52 - Out folder: D:\data\wireshark
2020-11-11 08:32:52 - CICFlowMeter received 1 pcap file
2020-11-11 08:57:27 - You select: D:\BaiduNetdiskDownload\node4\traffic-in\4.pcap
2020-11-11 08:57:27 - Out folder: D:\BaiduNetdiskDownload\node4\traffic-in
2020-11-11 08:57:28 - CICFlowMeter received 1 pcap file
2020-11-11 09:03:01 - You select: D:\BaiduNetdiskDownload\node4\traffic-in\4.pcap
2020-11-11 09:03:01 - Out folder: D:\BaiduNetdiskDownload\node4\traffic-in
2020-11-11 09:03:01 - CICFlowMeter received 1 pcap file
2020-11-11 09:03:36 - You select: D:\BaiduNetdiskDownload\node4\traffic-in\4.pcap
2020-11-11 09:03:36 - Out folder: D:\BaiduNetdiskDownload\node4\traffic-in
2020-11-11 09:03:36 - CICFlowMeter received 1 pcap file
2020-11-11 09:03:58 - You select: D:\BaiduNetdiskDownload\node4\traffic-in\4.pcap
2020-11-11 09:03:58 - Out folder: D:\BaiduNetdiskDownload\node4\traffic-in
2020-11-11 09:03:59 - CICFlowMeter received 1 pcap file
2020-11-11 09:04:58 - You select: D:\BaiduNetdiskDownload\node4\traffic-in\4.pcap
2020-11-11 09:04:58 - Out folder: D:\BaiduNetdiskDownload\node4\traffic-in
2020-11-11 09:04:59 - CICFlowMeter received 1 pcap file
2020-11-11 09:05:20 - You select: D:\BaiduNetdiskDownload\node4\traffic-in\4.pcap
2020-11-11 09:05:20 - Out folder: D:\BaiduNetdiskDownload\node4\traffic-in
2020-11-11 09:05:21 - CICFlowMeter received 1 pcap file
2020-11-11 09:07:28 - The pcap file or folder does not exist! -> D:\BaiduNetdiskDownload\node4\traffic-in\4.pcap
2022-05-14 17:17:20 - Sorry,no pcap files can be found under: D:\code\cicflowmeter-main/data/in/
2022-05-14 17:17:53 - You select: F:\huawei\all\data1\node2\in\new.pcap
2022-05-14 17:17:53 - Out folder: D:\BaiduNetdiskDownload\node4\traffic-in
2022-05-14 17:17:54 - CICFlowMeter received 1 pcap file
2022-05-14 17:25:54 - You select: F:\huawei\all\data1\node2\in\new.pcap
2022-05-14 17:25:54 - Out folder: D:\BaiduNetdiskDownload\node4\traffic-in
2022-05-14 17:25:54 - CICFlowMeter received 1 pcap file
2022-05-14 17:28:43 - You select: F:\huawei\all\data1\node2\in\new.pcap
2022-05-14 17:28:43 - Out folder: D:\BaiduNetdiskDownload\node4\traffic-in
2022-05-14 17:28:43 - CICFlowMeter received 1 pcap file
2022-05-14 18:54:56 - Sorry,no pcap files can be found under: D:\code\cicflowmeter-main/data/in/
2022-05-14 18:55:10 - You select: F:\huawei\all\data1\node2\in\new.pcap
2022-05-14 18:55:10 - Out folder: D:\BaiduNetdiskDownload\node4\traffic-in
2022-05-14 18:55:10 - CICFlowMeter received 1 pcap file
2022-05-14 18:55:41 - You select: F:\huawei\all\data1\node2\in\new.pcap
2022-05-14 18:55:41 - Out folder: D:\BaiduNetdiskDownload\node4\traffic-in
2022-05-14 18:55:41 - CICFlowMeter received 1 pcap file
2022-05-14 19:01:52 - You select: F:\huawei\all\data1\node2\in\new.pcap
2022-05-14 19:01:52 - Out folder: D:\BaiduNetdiskDownload\node4\traffic-in
2022-05-14 19:01:52 - CICFlowMeter received 1 pcap file
2022-05-14 19:58:37 - You select: F:\huawei\all\data1\node2\in\new.pcap
2022-05-14 19:58:37 - Out folder: D:\BaiduNetdiskDownload\node4\traffic-in
2022-05-14 19:58:38 - CICFlowMeter received 1 pcap file
2022-05-14 19:59:32 - You select: F:\huawei\all\data1\node2\in\new.pcap
2022-05-14 19:59:32 - Out folder: D:\BaiduNetdiskDownload\node4\traffic-in
2022-05-14 19:59:33 - CICFlowMeter received 1 pcap file
2022-05-14 20:03:06 - You select: F:\huawei\all\data1\node2\in\new.pcap
2022-05-14 20:03:06 - Out folder: D:\BaiduNetdiskDownload\node4\traffic-in
2022-05-14 20:03:06 - CICFlowMeter received 1 pcap file
2022-05-14 20:04:04 - You select: F:\huawei\all\data1\node2\in\new.pcap
2022-05-14 20:04:04 - Out folder: D:\BaiduNetdiskDownload\node4\traffic-in
2022-05-14 20:04:04 - CICFlowMeter received 1 pcap file
2022-05-14 20:05:23 - You select: F:\huawei\all\data1\node2\in\new.pcap
2022-05-14 20:05:23 - Out folder: D:\BaiduNetdiskDownload\node4\traffic-in
2022-05-14 20:05:24 - CICFlowMeter received 1 pcap file
2022-05-14 20:07:05 - You select: F:\huawei\all\data1\node2\in\new.pcap
2022-05-14 20:07:05 - Out folder: D:\BaiduNetdiskDownload\node4\traffic-in
2022-05-14 20:07:06 - CICFlowMeter received 1 pcap file
2022-05-14 20:07:06 - Error while opening file for capture: bad dump file format
2022-05-14 20:07:51 - Error while opening file for capture: bad dump file format
2022-05-14 20:10:07 - You select: F:\huawei\all\data1\node2\in\new.pcap
2022-05-14 20:10:07 - Out folder: 
2022-05-14 20:10:07 - CICFlowMeter received 1 pcap file
2022-05-14 20:10:07 - Error while opening file for capture: bad dump file format
2022-05-14 20:10:20 - You select: F:\huawei\all\data1\node2\in\test1.pcap
2022-05-14 20:10:20 - Out folder: 
2022-05-14 20:10:20 - CICFlowMeter received 1 pcap file
2022-05-14 20:59:13 - You select: F:\huawei\all\data1\node2\in\new.pcap
2022-05-14 20:59:13 - Out folder: 
2022-05-14 20:59:13 - CICFlowMeter received 1 pcap file
2022-05-14 20:59:13 - Error while opening file for capture: bad dump file format
2022-05-14 21:09:10 - You select: F:\huawei\all\data1\node2\in\new.pcap
2022-05-14 21:09:10 - Out folder: 
2022-05-14 21:09:11 - CICFlowMeter received 1 pcap file
2022-05-14 21:09:11 - Error while opening file for capture: bad dump file format
2022-05-14 21:12:03 - You select: F:\huawei\all\data1\node2\in\new.pcap
2022-05-14 21:12:03 - Out folder: 
2022-05-14 21:12:04 - CICFlowMeter received 1 pcap file
2022-05-14 21:18:38 - You select: F:\huawei\all\data1\node2\in\new.pcap
2022-05-14 21:18:38 - Out folder: F:\huawei\all\data1\node2\in\new.csv
2022-05-14 21:18:39 - CICFlowMeter received 1 pcap file
